Running main() from gtest_main.cc
[==========] Running 2 tests from 1 test case.
[----------] Global test environment set-up.
[----------] 2 tests from OperatorTests
[ RUN      ] OperatorTests.test_minus
[       OK ] OperatorTests.test_minus (0 ms)
[ RUN      ] OperatorTests.test_plus
/home/user/gradle/samples/native-binaries/google-test/src/operatorsTest/cpp/test_plus.cpp:8: Failure
Value of: plus(0, -2) == -2
  Actual: false
Expected: true
[  FAILED  ] OperatorTests.test_plus (0 ms)
[----------] 2 tests from OperatorTests (0 ms total)

[----------] Global test environment tear-down
[==========] 2 tests from 1 test case ran. (0 ms total)
[  PASSED  ] 1 test.
[  FAILED  ] 1 test, listed below:
[  FAILED  ] OperatorTests.test_plus

 1 FAILED TEST

